[2025-12-15T08:20:06.840+0000] {local_task_job_runner.py:123} INFO - ::group::Pre task execution logs
[2025-12-15T08:20:06.845+0000] {taskinstance.py:2603} INFO - Dependencies all met for dep_context=non-requeueable deps ti=<TaskInstance: pg_to_ch_dbt_incremental_dwh.dbt_run_raw_ods scheduled__2025-12-15T08:00:00+00:00 [queued]>
[2025-12-15T08:20:06.851+0000] {taskinstance.py:2603} INFO - Dependencies all met for dep_context=requeueable deps ti=<TaskInstance: pg_to_ch_dbt_incremental_dwh.dbt_run_raw_ods scheduled__2025-12-15T08:00:00+00:00 [queued]>
[2025-12-15T08:20:06.851+0000] {taskinstance.py:2856} INFO - Starting attempt 1 of 1
[2025-12-15T08:20:06.860+0000] {taskinstance.py:2879} INFO - Executing <Task(BashOperator): dbt_run_raw_ods> on 2025-12-15 08:00:00+00:00
[2025-12-15T08:20:06.864+0000] {standard_task_runner.py:72} INFO - Started process 259 to run task
[2025-12-15T08:20:06.869+0000] {standard_task_runner.py:104} INFO - Running: ['airflow', 'tasks', 'run', 'pg_to_ch_dbt_incremental_dwh', 'dbt_run_raw_ods', 'scheduled__2025-12-15T08:00:00+00:00', '--job-id', '16', '--raw', '--subdir', 'DAGS_FOLDER/dbt_incremental_dag.py', '--cfg-path', '/tmp/tmprqtmberh']
[2025-12-15T08:20:06.872+0000] {standard_task_runner.py:105} INFO - Job 16: Subtask dbt_run_raw_ods
[2025-12-15T08:20:06.896+0000] {task_command.py:467} INFO - Running <TaskInstance: pg_to_ch_dbt_incremental_dwh.dbt_run_raw_ods scheduled__2025-12-15T08:00:00+00:00 [running]> on host 03773faa8bad
[2025-12-15T08:20:06.931+0000] {taskinstance.py:3122} INFO - Exporting env vars: AIRFLOW_CTX_DAG_OWNER='airflow' AIRFLOW_CTX_DAG_ID='pg_to_ch_dbt_incremental_dwh' AIRFLOW_CTX_TASK_ID='dbt_run_raw_ods' AIRFLOW_CTX_EXECUTION_DATE='2025-12-15T08:00:00+00:00' AIRFLOW_CTX_TRY_NUMBER='1' AIRFLOW_CTX_DAG_RUN_ID='scheduled__2025-12-15T08:00:00+00:00'
[2025-12-15T08:20:06.931+0000] {taskinstance.py:731} INFO - ::endgroup::
[2025-12-15T08:20:06.939+0000] {subprocess.py:63} INFO - Tmp dir root location: /tmp
[2025-12-15T08:20:06.939+0000] {subprocess.py:75} INFO - Running command: ['/usr/bin/bash', '-c', 'cd /opt/airflow/dbt && dbt ls && dbt run --select path:models/raw path:models/ods']
[2025-12-15T08:20:06.944+0000] {subprocess.py:86} INFO - Output:
[2025-12-15T08:20:08.863+0000] {subprocess.py:93} INFO - [0m08:20:08  Running with dbt=1.10.15
[2025-12-15T08:20:09.043+0000] {subprocess.py:93} INFO - [0m08:20:09  Registered adapter: clickhouse=1.9.7
[2025-12-15T08:20:09.279+0000] {subprocess.py:93} INFO - [0m08:20:09  Found 15 models, 5 sources, 486 macros
[2025-12-15T08:20:09.280+0000] {subprocess.py:93} INFO - bank_dwh.ods.ods_dim_account
[2025-12-15T08:20:09.280+0000] {subprocess.py:93} INFO - bank_dwh.ods.ods_dim_card
[2025-12-15T08:20:09.281+0000] {subprocess.py:93} INFO - bank_dwh.ods.ods_dim_customer
[2025-12-15T08:20:09.281+0000] {subprocess.py:93} INFO - bank_dwh.ods.ods_dim_terminal
[2025-12-15T08:20:09.281+0000] {subprocess.py:93} INFO - bank_dwh.ods.ods_fact_atm_transaction
[2025-12-15T08:20:09.282+0000] {subprocess.py:93} INFO - bank_dwh.raw.raw_account
[2025-12-15T08:20:09.282+0000] {subprocess.py:93} INFO - bank_dwh.raw.raw_card
[2025-12-15T08:20:09.282+0000] {subprocess.py:93} INFO - bank_dwh.raw.raw_customer
[2025-12-15T08:20:09.283+0000] {subprocess.py:93} INFO - bank_dwh.raw.raw_terminal
[2025-12-15T08:20:09.283+0000] {subprocess.py:93} INFO - bank_dwh.raw.raw_transaction
[2025-12-15T08:20:09.284+0000] {subprocess.py:93} INFO - bank_dwh.stg.stg_account
[2025-12-15T08:20:09.284+0000] {subprocess.py:93} INFO - bank_dwh.stg.stg_card
[2025-12-15T08:20:09.284+0000] {subprocess.py:93} INFO - bank_dwh.stg.stg_customer
[2025-12-15T08:20:09.285+0000] {subprocess.py:93} INFO - bank_dwh.stg.stg_terminal
[2025-12-15T08:20:09.285+0000] {subprocess.py:93} INFO - bank_dwh.stg.stg_transaction
[2025-12-15T08:20:09.286+0000] {subprocess.py:93} INFO - source:bank_dwh.bank_dwh.stg_account
[2025-12-15T08:20:09.286+0000] {subprocess.py:93} INFO - source:bank_dwh.bank_dwh.stg_card
[2025-12-15T08:20:09.286+0000] {subprocess.py:93} INFO - source:bank_dwh.bank_dwh.stg_customer
[2025-12-15T08:20:09.287+0000] {subprocess.py:93} INFO - source:bank_dwh.bank_dwh.stg_terminal
[2025-12-15T08:20:09.287+0000] {subprocess.py:93} INFO - source:bank_dwh.bank_dwh.stg_transaction
[2025-12-15T08:20:11.682+0000] {subprocess.py:93} INFO - [0m08:20:11  Running with dbt=1.10.15
[2025-12-15T08:20:11.830+0000] {subprocess.py:93} INFO - [0m08:20:11  Registered adapter: clickhouse=1.9.7
[2025-12-15T08:20:12.054+0000] {subprocess.py:93} INFO - [0m08:20:12  Found 15 models, 5 sources, 486 macros
[2025-12-15T08:20:12.056+0000] {subprocess.py:93} INFO - [0m08:20:12
[2025-12-15T08:20:12.056+0000] {subprocess.py:93} INFO - [0m08:20:12  Concurrency: 1 threads (target='dev')
[2025-12-15T08:20:12.057+0000] {subprocess.py:93} INFO - [0m08:20:12
[2025-12-15T08:20:12.264+0000] {subprocess.py:93} INFO - [0m08:20:12  1 of 10 START sql incremental model `bank_dwh`.`raw_account` ................... [RUN]
[2025-12-15T08:20:12.416+0000] {subprocess.py:93} INFO - [0m08:20:12  1 of 10 OK created sql incremental model `bank_dwh`.`raw_account` .............. [[32mOK[0m in 0.15s]
[2025-12-15T08:20:12.418+0000] {subprocess.py:93} INFO - [0m08:20:12  2 of 10 START sql incremental model `bank_dwh`.`raw_card` ...................... [RUN]
[2025-12-15T08:20:12.478+0000] {subprocess.py:93} INFO - [0m08:20:12  2 of 10 OK created sql incremental model `bank_dwh`.`raw_card` ................. [[32mOK[0m in 0.06s]
[2025-12-15T08:20:12.479+0000] {subprocess.py:93} INFO - [0m08:20:12  3 of 10 START sql incremental model `bank_dwh`.`raw_customer` .................. [RUN]
[2025-12-15T08:20:12.535+0000] {subprocess.py:93} INFO - [0m08:20:12  3 of 10 OK created sql incremental model `bank_dwh`.`raw_customer` ............. [[32mOK[0m in 0.05s]
[2025-12-15T08:20:12.536+0000] {subprocess.py:93} INFO - [0m08:20:12  4 of 10 START sql incremental model `bank_dwh`.`raw_terminal` .................. [RUN]
[2025-12-15T08:20:12.601+0000] {subprocess.py:93} INFO - [0m08:20:12  4 of 10 OK created sql incremental model `bank_dwh`.`raw_terminal` ............. [[32mOK[0m in 0.06s]
[2025-12-15T08:20:12.602+0000] {subprocess.py:93} INFO - [0m08:20:12  5 of 10 START sql incremental model `bank_dwh`.`raw_transaction` ............... [RUN]
[2025-12-15T08:20:12.660+0000] {subprocess.py:93} INFO - [0m08:20:12  5 of 10 OK created sql incremental model `bank_dwh`.`raw_transaction` .......... [[32mOK[0m in 0.06s]
[2025-12-15T08:20:12.662+0000] {subprocess.py:93} INFO - [0m08:20:12  6 of 10 START sql table model `bank_dwh`.`ods_dim_account` ..................... [RUN]
[2025-12-15T08:20:12.700+0000] {subprocess.py:93} INFO - [0m08:20:12  6 of 10 OK created sql table model `bank_dwh`.`ods_dim_account` ................ [[32mOK[0m in 0.04s]
[2025-12-15T08:20:12.701+0000] {subprocess.py:93} INFO - [0m08:20:12  7 of 10 START sql table model `bank_dwh`.`ods_dim_card` ........................ [RUN]
[2025-12-15T08:20:12.733+0000] {subprocess.py:93} INFO - [0m08:20:12  7 of 10 OK created sql table model `bank_dwh`.`ods_dim_card` ................... [[32mOK[0m in 0.03s]
[2025-12-15T08:20:12.734+0000] {subprocess.py:93} INFO - [0m08:20:12  8 of 10 START sql table model `bank_dwh`.`ods_dim_customer` .................... [RUN]
[2025-12-15T08:20:12.762+0000] {subprocess.py:93} INFO - [0m08:20:12  8 of 10 OK created sql table model `bank_dwh`.`ods_dim_customer` ............... [[32mOK[0m in 0.03s]
[2025-12-15T08:20:12.763+0000] {subprocess.py:93} INFO - [0m08:20:12  9 of 10 START sql table model `bank_dwh`.`ods_dim_terminal` .................... [RUN]
[2025-12-15T08:20:12.801+0000] {subprocess.py:93} INFO - [0m08:20:12  9 of 10 OK created sql table model `bank_dwh`.`ods_dim_terminal` ............... [[32mOK[0m in 0.04s]
[2025-12-15T08:20:12.803+0000] {subprocess.py:93} INFO - [0m08:20:12  10 of 10 START sql table model `bank_dwh`.`ods_fact_atm_transaction` ........... [RUN]
[2025-12-15T08:20:12.838+0000] {subprocess.py:93} INFO - [0m08:20:12  10 of 10 OK created sql table model `bank_dwh`.`ods_fact_atm_transaction` ...... [[32mOK[0m in 0.03s]
[2025-12-15T08:20:12.841+0000] {subprocess.py:93} INFO - [0m08:20:12
[2025-12-15T08:20:12.841+0000] {subprocess.py:93} INFO - [0m08:20:12  Finished running 5 incremental models, 5 table models in 0 hours 0 minutes and 0.78 seconds (0.78s).
[2025-12-15T08:20:12.875+0000] {subprocess.py:93} INFO - [0m08:20:12
[2025-12-15T08:20:12.876+0000] {subprocess.py:93} INFO - [0m08:20:12  [32mCompleted successfully[0m
[2025-12-15T08:20:12.876+0000] {subprocess.py:93} INFO - [0m08:20:12
[2025-12-15T08:20:12.877+0000] {subprocess.py:93} INFO - [0m08:20:12  Done. PASS=10 WARN=0 ERROR=0 SKIP=0 NO-OP=0 TOTAL=10
[2025-12-15T08:20:13.874+0000] {subprocess.py:97} INFO - Command exited with return code 0
[2025-12-15T08:20:13.925+0000] {taskinstance.py:340} INFO - ::group::Post task execution logs
[2025-12-15T08:20:13.925+0000] {taskinstance.py:352} INFO - Marking task as SUCCESS. dag_id=pg_to_ch_dbt_incremental_dwh, task_id=dbt_run_raw_ods, run_id=scheduled__2025-12-15T08:00:00+00:00, execution_date=20251215T080000, start_date=20251215T082006, end_date=20251215T082013
[2025-12-15T08:20:13.976+0000] {local_task_job_runner.py:261} INFO - Task exited with return code 0
[2025-12-15T08:20:13.988+0000] {taskinstance.py:3891} INFO - 0 downstream tasks scheduled from follow-on schedule check
[2025-12-15T08:20:13.989+0000] {local_task_job_runner.py:240} INFO - ::endgroup::
