[2025-12-15T07:34:57.764+0000] {local_task_job_runner.py:123} INFO - ::group::Pre task execution logs
[2025-12-15T07:34:57.769+0000] {taskinstance.py:2603} INFO - Dependencies all met for dep_context=non-requeueable deps ti=<TaskInstance: pg_to_ch_dbt_incremental_dwh.dbt_run_raw_ods manual__2025-12-15T07:34:51.806580+00:00 [queued]>
[2025-12-15T07:34:57.772+0000] {taskinstance.py:2603} INFO - Dependencies all met for dep_context=requeueable deps ti=<TaskInstance: pg_to_ch_dbt_incremental_dwh.dbt_run_raw_ods manual__2025-12-15T07:34:51.806580+00:00 [queued]>
[2025-12-15T07:34:57.773+0000] {taskinstance.py:2856} INFO - Starting attempt 1 of 1
[2025-12-15T07:34:57.780+0000] {taskinstance.py:2879} INFO - Executing <Task(BashOperator): dbt_run_raw_ods> on 2025-12-15 07:34:51.806580+00:00
[2025-12-15T07:34:57.784+0000] {standard_task_runner.py:72} INFO - Started process 71 to run task
[2025-12-15T07:34:57.787+0000] {standard_task_runner.py:104} INFO - Running: ['airflow', 'tasks', 'run', 'pg_to_ch_dbt_incremental_dwh', 'dbt_run_raw_ods', 'manual__2025-12-15T07:34:51.806580+00:00', '--job-id', '7', '--raw', '--subdir', 'DAGS_FOLDER/dbt_incremental_dag.py', '--cfg-path', '/tmp/tmp987czu5k']
[2025-12-15T07:34:57.788+0000] {standard_task_runner.py:105} INFO - Job 7: Subtask dbt_run_raw_ods
[2025-12-15T07:34:57.813+0000] {task_command.py:467} INFO - Running <TaskInstance: pg_to_ch_dbt_incremental_dwh.dbt_run_raw_ods manual__2025-12-15T07:34:51.806580+00:00 [running]> on host 03773faa8bad
[2025-12-15T07:34:57.846+0000] {taskinstance.py:3122} INFO - Exporting env vars: AIRFLOW_CTX_DAG_OWNER='airflow' AIRFLOW_CTX_DAG_ID='pg_to_ch_dbt_incremental_dwh' AIRFLOW_CTX_TASK_ID='dbt_run_raw_ods' AIRFLOW_CTX_EXECUTION_DATE='2025-12-15T07:34:51.806580+00:00' AIRFLOW_CTX_TRY_NUMBER='1' AIRFLOW_CTX_DAG_RUN_ID='manual__2025-12-15T07:34:51.806580+00:00'
[2025-12-15T07:34:57.846+0000] {taskinstance.py:731} INFO - ::endgroup::
[2025-12-15T07:34:57.855+0000] {subprocess.py:63} INFO - Tmp dir root location: /tmp
[2025-12-15T07:34:57.855+0000] {subprocess.py:75} INFO - Running command: ['/usr/bin/bash', '-c', 'cd /opt/airflow/dbt && dbt run --select raw_* ods_*']
[2025-12-15T07:34:57.860+0000] {subprocess.py:86} INFO - Output:
[2025-12-15T07:34:59.763+0000] {subprocess.py:93} INFO - [0m07:34:59  Running with dbt=1.10.15
[2025-12-15T07:34:59.946+0000] {subprocess.py:93} INFO - [0m07:34:59  Registered adapter: clickhouse=1.9.7
[2025-12-15T07:34:59.999+0000] {subprocess.py:93} INFO - [0m07:34:59  Unable to do partial parsing because saved manifest not found. Starting full parse.
[2025-12-15T07:35:00.971+0000] {subprocess.py:93} INFO - [0m07:35:00  Found 15 models, 5 sources, 486 macros
[2025-12-15T07:35:00.974+0000] {subprocess.py:93} INFO - [0m07:35:00  The selection criterion 'raw_*' does not match any enabled nodes
[2025-12-15T07:35:00.975+0000] {subprocess.py:93} INFO - [0m07:35:00  The selection criterion 'ods_*' does not match any enabled nodes
[2025-12-15T07:35:00.978+0000] {subprocess.py:93} INFO - [0m07:35:00  Nothing to do. Try checking your model configs and model specification args
[2025-12-15T07:35:01.834+0000] {subprocess.py:97} INFO - Command exited with return code 0
[2025-12-15T07:35:01.866+0000] {taskinstance.py:340} INFO - ::group::Post task execution logs
[2025-12-15T07:35:01.867+0000] {taskinstance.py:352} INFO - Marking task as SUCCESS. dag_id=pg_to_ch_dbt_incremental_dwh, task_id=dbt_run_raw_ods, run_id=manual__2025-12-15T07:34:51.806580+00:00, execution_date=20251215T073451, start_date=20251215T073457, end_date=20251215T073501
[2025-12-15T07:35:01.885+0000] {local_task_job_runner.py:261} INFO - Task exited with return code 0
[2025-12-15T07:35:01.930+0000] {taskinstance.py:3891} INFO - 0 downstream tasks scheduled from follow-on schedule check
[2025-12-15T07:35:01.931+0000] {local_task_job_runner.py:240} INFO - ::endgroup::
