[2025-12-15T08:00:06.824+0000] {local_task_job_runner.py:123} INFO - ::group::Pre task execution logs
[2025-12-15T08:00:06.830+0000] {taskinstance.py:2603} INFO - Dependencies all met for dep_context=non-requeueable deps ti=<TaskInstance: pg_to_ch_dbt_incremental_dwh.dbt_run_raw_ods scheduled__2025-12-15T07:40:00+00:00 [queued]>
[2025-12-15T08:00:06.834+0000] {taskinstance.py:2603} INFO - Dependencies all met for dep_context=requeueable deps ti=<TaskInstance: pg_to_ch_dbt_incremental_dwh.dbt_run_raw_ods scheduled__2025-12-15T07:40:00+00:00 [queued]>
[2025-12-15T08:00:06.835+0000] {taskinstance.py:2856} INFO - Starting attempt 1 of 1
[2025-12-15T08:00:06.841+0000] {taskinstance.py:2879} INFO - Executing <Task(BashOperator): dbt_run_raw_ods> on 2025-12-15 07:40:00+00:00
[2025-12-15T08:00:06.844+0000] {standard_task_runner.py:72} INFO - Started process 153 to run task
[2025-12-15T08:00:06.847+0000] {standard_task_runner.py:104} INFO - Running: ['airflow', 'tasks', 'run', 'pg_to_ch_dbt_incremental_dwh', 'dbt_run_raw_ods', 'scheduled__2025-12-15T07:40:00+00:00', '--job-id', '14', '--raw', '--subdir', 'DAGS_FOLDER/dbt_incremental_dag.py', '--cfg-path', '/tmp/tmplv0ju0ij']
[2025-12-15T08:00:06.848+0000] {standard_task_runner.py:105} INFO - Job 14: Subtask dbt_run_raw_ods
[2025-12-15T08:00:06.871+0000] {task_command.py:467} INFO - Running <TaskInstance: pg_to_ch_dbt_incremental_dwh.dbt_run_raw_ods scheduled__2025-12-15T07:40:00+00:00 [running]> on host 03773faa8bad
[2025-12-15T08:00:06.905+0000] {taskinstance.py:3122} INFO - Exporting env vars: AIRFLOW_CTX_DAG_OWNER='airflow' AIRFLOW_CTX_DAG_ID='pg_to_ch_dbt_incremental_dwh' AIRFLOW_CTX_TASK_ID='dbt_run_raw_ods' AIRFLOW_CTX_EXECUTION_DATE='2025-12-15T07:40:00+00:00' AIRFLOW_CTX_TRY_NUMBER='1' AIRFLOW_CTX_DAG_RUN_ID='scheduled__2025-12-15T07:40:00+00:00'
[2025-12-15T08:00:06.905+0000] {taskinstance.py:731} INFO - ::endgroup::
[2025-12-15T08:00:06.914+0000] {subprocess.py:63} INFO - Tmp dir root location: /tmp
[2025-12-15T08:00:06.915+0000] {subprocess.py:75} INFO - Running command: ['/usr/bin/bash', '-c', 'cd /opt/airflow/dbt && dbt ls && dbt run --select path:models/raw path:models/ods']
[2025-12-15T08:00:06.919+0000] {subprocess.py:86} INFO - Output:
[2025-12-15T08:00:08.319+0000] {subprocess.py:93} INFO - [0m08:00:08  Running with dbt=1.10.15
[2025-12-15T08:00:08.473+0000] {subprocess.py:93} INFO - [0m08:00:08  Registered adapter: clickhouse=1.9.7
[2025-12-15T08:00:08.682+0000] {subprocess.py:93} INFO - [0m08:00:08  Found 15 models, 5 sources, 486 macros
[2025-12-15T08:00:08.683+0000] {subprocess.py:93} INFO - bank_dwh.ods.ods_dim_account
[2025-12-15T08:00:08.683+0000] {subprocess.py:93} INFO - bank_dwh.ods.ods_dim_card
[2025-12-15T08:00:08.684+0000] {subprocess.py:93} INFO - bank_dwh.ods.ods_dim_customer
[2025-12-15T08:00:08.684+0000] {subprocess.py:93} INFO - bank_dwh.ods.ods_dim_terminal
[2025-12-15T08:00:08.684+0000] {subprocess.py:93} INFO - bank_dwh.ods.ods_fact_atm_transaction
[2025-12-15T08:00:08.685+0000] {subprocess.py:93} INFO - bank_dwh.raw.raw_account
[2025-12-15T08:00:08.685+0000] {subprocess.py:93} INFO - bank_dwh.raw.raw_card
[2025-12-15T08:00:08.685+0000] {subprocess.py:93} INFO - bank_dwh.raw.raw_customer
[2025-12-15T08:00:08.686+0000] {subprocess.py:93} INFO - bank_dwh.raw.raw_terminal
[2025-12-15T08:00:08.686+0000] {subprocess.py:93} INFO - bank_dwh.raw.raw_transaction
[2025-12-15T08:00:08.687+0000] {subprocess.py:93} INFO - bank_dwh.stg.stg_account
[2025-12-15T08:00:08.687+0000] {subprocess.py:93} INFO - bank_dwh.stg.stg_card
[2025-12-15T08:00:08.687+0000] {subprocess.py:93} INFO - bank_dwh.stg.stg_customer
[2025-12-15T08:00:08.688+0000] {subprocess.py:93} INFO - bank_dwh.stg.stg_terminal
[2025-12-15T08:00:08.688+0000] {subprocess.py:93} INFO - bank_dwh.stg.stg_transaction
[2025-12-15T08:00:08.689+0000] {subprocess.py:93} INFO - source:bank_dwh.bank_dwh.stg_account
[2025-12-15T08:00:08.689+0000] {subprocess.py:93} INFO - source:bank_dwh.bank_dwh.stg_card
[2025-12-15T08:00:08.689+0000] {subprocess.py:93} INFO - source:bank_dwh.bank_dwh.stg_customer
[2025-12-15T08:00:08.690+0000] {subprocess.py:93} INFO - source:bank_dwh.bank_dwh.stg_terminal
[2025-12-15T08:00:08.690+0000] {subprocess.py:93} INFO - source:bank_dwh.bank_dwh.stg_transaction
[2025-12-15T08:00:10.854+0000] {subprocess.py:93} INFO - [0m08:00:10  Running with dbt=1.10.15
[2025-12-15T08:00:10.992+0000] {subprocess.py:93} INFO - [0m08:00:10  Registered adapter: clickhouse=1.9.7
[2025-12-15T08:00:11.185+0000] {subprocess.py:93} INFO - [0m08:00:11  Found 15 models, 5 sources, 486 macros
[2025-12-15T08:00:11.187+0000] {subprocess.py:93} INFO - [0m08:00:11
[2025-12-15T08:00:11.188+0000] {subprocess.py:93} INFO - [0m08:00:11  Concurrency: 1 threads (target='dev')
[2025-12-15T08:00:11.188+0000] {subprocess.py:93} INFO - [0m08:00:11
[2025-12-15T08:00:11.365+0000] {subprocess.py:93} INFO - [0m08:00:11  1 of 10 START sql incremental model `bank_dwh`.`raw_account` ................... [RUN]
[2025-12-15T08:00:11.513+0000] {subprocess.py:93} INFO - [0m08:00:11  1 of 10 OK created sql incremental model `bank_dwh`.`raw_account` .............. [[32mOK[0m in 0.15s]
[2025-12-15T08:00:11.515+0000] {subprocess.py:93} INFO - [0m08:00:11  2 of 10 START sql incremental model `bank_dwh`.`raw_card` ...................... [RUN]
[2025-12-15T08:00:11.572+0000] {subprocess.py:93} INFO - [0m08:00:11  2 of 10 OK created sql incremental model `bank_dwh`.`raw_card` ................. [[32mOK[0m in 0.06s]
[2025-12-15T08:00:11.574+0000] {subprocess.py:93} INFO - [0m08:00:11  3 of 10 START sql incremental model `bank_dwh`.`raw_customer` .................. [RUN]
[2025-12-15T08:00:11.637+0000] {subprocess.py:93} INFO - [0m08:00:11  3 of 10 OK created sql incremental model `bank_dwh`.`raw_customer` ............. [[32mOK[0m in 0.06s]
[2025-12-15T08:00:11.639+0000] {subprocess.py:93} INFO - [0m08:00:11  4 of 10 START sql incremental model `bank_dwh`.`raw_terminal` .................. [RUN]
[2025-12-15T08:00:11.694+0000] {subprocess.py:93} INFO - [0m08:00:11  4 of 10 OK created sql incremental model `bank_dwh`.`raw_terminal` ............. [[32mOK[0m in 0.05s]
[2025-12-15T08:00:11.696+0000] {subprocess.py:93} INFO - [0m08:00:11  5 of 10 START sql incremental model `bank_dwh`.`raw_transaction` ............... [RUN]
[2025-12-15T08:00:11.749+0000] {subprocess.py:93} INFO - [0m08:00:11  5 of 10 OK created sql incremental model `bank_dwh`.`raw_transaction` .......... [[32mOK[0m in 0.05s]
[2025-12-15T08:00:11.751+0000] {subprocess.py:93} INFO - [0m08:00:11  6 of 10 START sql table model `bank_dwh`.`ods_dim_account` ..................... [RUN]
[2025-12-15T08:00:11.784+0000] {subprocess.py:93} INFO - [0m08:00:11  6 of 10 OK created sql table model `bank_dwh`.`ods_dim_account` ................ [[32mOK[0m in 0.03s]
[2025-12-15T08:00:11.785+0000] {subprocess.py:93} INFO - [0m08:00:11  7 of 10 START sql table model `bank_dwh`.`ods_dim_card` ........................ [RUN]
[2025-12-15T08:00:11.812+0000] {subprocess.py:93} INFO - [0m08:00:11  7 of 10 OK created sql table model `bank_dwh`.`ods_dim_card` ................... [[32mOK[0m in 0.03s]
[2025-12-15T08:00:11.813+0000] {subprocess.py:93} INFO - [0m08:00:11  8 of 10 START sql table model `bank_dwh`.`ods_dim_customer` .................... [RUN]
[2025-12-15T08:00:11.846+0000] {subprocess.py:93} INFO - [0m08:00:11  8 of 10 OK created sql table model `bank_dwh`.`ods_dim_customer` ............... [[32mOK[0m in 0.03s]
[2025-12-15T08:00:11.847+0000] {subprocess.py:93} INFO - [0m08:00:11  9 of 10 START sql table model `bank_dwh`.`ods_dim_terminal` .................... [RUN]
[2025-12-15T08:00:11.877+0000] {subprocess.py:93} INFO - [0m08:00:11  9 of 10 OK created sql table model `bank_dwh`.`ods_dim_terminal` ............... [[32mOK[0m in 0.03s]
[2025-12-15T08:00:11.878+0000] {subprocess.py:93} INFO - [0m08:00:11  10 of 10 START sql table model `bank_dwh`.`ods_fact_atm_transaction` ........... [RUN]
[2025-12-15T08:00:11.924+0000] {subprocess.py:93} INFO - [0m08:00:11  10 of 10 OK created sql table model `bank_dwh`.`ods_fact_atm_transaction` ...... [[32mOK[0m in 0.04s]
[2025-12-15T08:00:11.927+0000] {subprocess.py:93} INFO - [0m08:00:11
[2025-12-15T08:00:11.927+0000] {subprocess.py:93} INFO - [0m08:00:11  Finished running 5 incremental models, 5 table models in 0 hours 0 minutes and 0.74 seconds (0.74s).
[2025-12-15T08:00:11.959+0000] {subprocess.py:93} INFO - [0m08:00:11
[2025-12-15T08:00:11.959+0000] {subprocess.py:93} INFO - [0m08:00:11  [32mCompleted successfully[0m
[2025-12-15T08:00:11.959+0000] {subprocess.py:93} INFO - [0m08:00:11
[2025-12-15T08:00:11.960+0000] {subprocess.py:93} INFO - [0m08:00:11  Done. PASS=10 WARN=0 ERROR=0 SKIP=0 NO-OP=0 TOTAL=10
[2025-12-15T08:00:12.940+0000] {subprocess.py:97} INFO - Command exited with return code 0
[2025-12-15T08:00:12.954+0000] {taskinstance.py:340} INFO - ::group::Post task execution logs
[2025-12-15T08:00:12.955+0000] {taskinstance.py:352} INFO - Marking task as SUCCESS. dag_id=pg_to_ch_dbt_incremental_dwh, task_id=dbt_run_raw_ods, run_id=scheduled__2025-12-15T07:40:00+00:00, execution_date=20251215T074000, start_date=20251215T080006, end_date=20251215T080012
[2025-12-15T08:00:12.977+0000] {local_task_job_runner.py:261} INFO - Task exited with return code 0
[2025-12-15T08:00:12.985+0000] {taskinstance.py:3891} INFO - 0 downstream tasks scheduled from follow-on schedule check
[2025-12-15T08:00:12.985+0000] {local_task_job_runner.py:240} INFO - ::endgroup::
