[2025-12-15T07:40:06.215+0000] {local_task_job_runner.py:123} INFO - ::group::Pre task execution logs
[2025-12-15T07:40:06.220+0000] {taskinstance.py:2603} INFO - Dependencies all met for dep_context=non-requeueable deps ti=<TaskInstance: pg_to_ch_dbt_incremental_dwh.dbt_run_raw_ods scheduled__2025-12-15T07:20:00+00:00 [queued]>
[2025-12-15T07:40:06.223+0000] {taskinstance.py:2603} INFO - Dependencies all met for dep_context=requeueable deps ti=<TaskInstance: pg_to_ch_dbt_incremental_dwh.dbt_run_raw_ods scheduled__2025-12-15T07:20:00+00:00 [queued]>
[2025-12-15T07:40:06.224+0000] {taskinstance.py:2856} INFO - Starting attempt 1 of 1
[2025-12-15T07:40:06.230+0000] {taskinstance.py:2879} INFO - Executing <Task(BashOperator): dbt_run_raw_ods> on 2025-12-15 07:20:00+00:00
[2025-12-15T07:40:06.234+0000] {standard_task_runner.py:72} INFO - Started process 155 to run task
[2025-12-15T07:40:06.236+0000] {standard_task_runner.py:104} INFO - Running: ['airflow', 'tasks', 'run', 'pg_to_ch_dbt_incremental_dwh', 'dbt_run_raw_ods', 'scheduled__2025-12-15T07:20:00+00:00', '--job-id', '9', '--raw', '--subdir', 'DAGS_FOLDER/dbt_incremental_dag.py', '--cfg-path', '/tmp/tmpz2lgw044']
[2025-12-15T07:40:06.237+0000] {standard_task_runner.py:105} INFO - Job 9: Subtask dbt_run_raw_ods
[2025-12-15T07:40:06.256+0000] {task_command.py:467} INFO - Running <TaskInstance: pg_to_ch_dbt_incremental_dwh.dbt_run_raw_ods scheduled__2025-12-15T07:20:00+00:00 [running]> on host 03773faa8bad
[2025-12-15T07:40:06.286+0000] {taskinstance.py:3122} INFO - Exporting env vars: AIRFLOW_CTX_DAG_OWNER='airflow' AIRFLOW_CTX_DAG_ID='pg_to_ch_dbt_incremental_dwh' AIRFLOW_CTX_TASK_ID='dbt_run_raw_ods' AIRFLOW_CTX_EXECUTION_DATE='2025-12-15T07:20:00+00:00' AIRFLOW_CTX_TRY_NUMBER='1' AIRFLOW_CTX_DAG_RUN_ID='scheduled__2025-12-15T07:20:00+00:00'
[2025-12-15T07:40:06.286+0000] {taskinstance.py:731} INFO - ::endgroup::
[2025-12-15T07:40:06.294+0000] {subprocess.py:63} INFO - Tmp dir root location: /tmp
[2025-12-15T07:40:06.294+0000] {subprocess.py:75} INFO - Running command: ['/usr/bin/bash', '-c', 'cd /opt/airflow/dbt && dbt run --select raw_* ods_*']
[2025-12-15T07:40:06.299+0000] {subprocess.py:86} INFO - Output:
[2025-12-15T07:40:07.606+0000] {subprocess.py:93} INFO - [0m07:40:07  Running with dbt=1.10.15
[2025-12-15T07:40:07.747+0000] {subprocess.py:93} INFO - [0m07:40:07  Registered adapter: clickhouse=1.9.7
[2025-12-15T07:40:08.009+0000] {subprocess.py:93} INFO - [0m07:40:08  Found 15 models, 5 sources, 486 macros
[2025-12-15T07:40:08.010+0000] {subprocess.py:93} INFO - [0m07:40:08  The selection criterion 'raw_*' does not match any enabled nodes
[2025-12-15T07:40:08.012+0000] {subprocess.py:93} INFO - [0m07:40:08  The selection criterion 'ods_*' does not match any enabled nodes
[2025-12-15T07:40:08.016+0000] {subprocess.py:93} INFO - [0m07:40:08  Nothing to do. Try checking your model configs and model specification args
[2025-12-15T07:40:08.872+0000] {subprocess.py:97} INFO - Command exited with return code 0
[2025-12-15T07:40:08.887+0000] {taskinstance.py:340} INFO - ::group::Post task execution logs
[2025-12-15T07:40:08.887+0000] {taskinstance.py:352} INFO - Marking task as SUCCESS. dag_id=pg_to_ch_dbt_incremental_dwh, task_id=dbt_run_raw_ods, run_id=scheduled__2025-12-15T07:20:00+00:00, execution_date=20251215T072000, start_date=20251215T074006, end_date=20251215T074008
[2025-12-15T07:40:08.941+0000] {local_task_job_runner.py:261} INFO - Task exited with return code 0
[2025-12-15T07:40:08.954+0000] {taskinstance.py:3891} INFO - 0 downstream tasks scheduled from follow-on schedule check
[2025-12-15T07:40:08.954+0000] {local_task_job_runner.py:240} INFO - ::endgroup::
