[2025-12-15T07:24:43.393+0000] {local_task_job_runner.py:123} INFO - ::group::Pre task execution logs
[2025-12-15T07:24:43.398+0000] {taskinstance.py:2603} INFO - Dependencies all met for dep_context=non-requeueable deps ti=<TaskInstance: pg_to_ch_dbt_incremental_dwh.load_stg_from_pg scheduled__2025-12-15T07:00:00+00:00 [queued]>
[2025-12-15T07:24:43.401+0000] {taskinstance.py:2603} INFO - Dependencies all met for dep_context=requeueable deps ti=<TaskInstance: pg_to_ch_dbt_incremental_dwh.load_stg_from_pg scheduled__2025-12-15T07:00:00+00:00 [queued]>
[2025-12-15T07:24:43.401+0000] {taskinstance.py:2856} INFO - Starting attempt 1 of 1
[2025-12-15T07:24:43.407+0000] {taskinstance.py:2879} INFO - Executing <Task(PythonOperator): load_stg_from_pg> on 2025-12-15 07:00:00+00:00
[2025-12-15T07:24:43.410+0000] {standard_task_runner.py:72} INFO - Started process 22800 to run task
[2025-12-15T07:24:43.415+0000] {standard_task_runner.py:104} INFO - Running: ['airflow', 'tasks', 'run', 'pg_to_ch_dbt_incremental_dwh', 'load_stg_from_pg', 'scheduled__2025-12-15T07:00:00+00:00', '--job-id', '19', '--raw', '--subdir', 'DAGS_FOLDER/dbt_incremental_dag.py', '--cfg-path', '/tmp/tmpvjbk1l4u']
[2025-12-15T07:24:43.418+0000] {standard_task_runner.py:105} INFO - Job 19: Subtask load_stg_from_pg
[2025-12-15T07:24:43.447+0000] {task_command.py:467} INFO - Running <TaskInstance: pg_to_ch_dbt_incremental_dwh.load_stg_from_pg scheduled__2025-12-15T07:00:00+00:00 [running]> on host 5278fa643bd3
[2025-12-15T07:24:43.479+0000] {taskinstance.py:3122} INFO - Exporting env vars: AIRFLOW_CTX_DAG_OWNER='airflow' AIRFLOW_CTX_DAG_ID='pg_to_ch_dbt_incremental_dwh' AIRFLOW_CTX_TASK_ID='load_stg_from_pg' AIRFLOW_CTX_EXECUTION_DATE='2025-12-15T07:00:00+00:00' AIRFLOW_CTX_TRY_NUMBER='1' AIRFLOW_CTX_DAG_RUN_ID='scheduled__2025-12-15T07:00:00+00:00'
[2025-12-15T07:24:43.479+0000] {taskinstance.py:731} INFO - ::endgroup::
[2025-12-15T07:24:44.202+0000] {python.py:240} INFO - Done. Returned value was: None
[2025-12-15T07:24:44.210+0000] {taskinstance.py:340} INFO - ::group::Post task execution logs
[2025-12-15T07:24:44.211+0000] {taskinstance.py:352} INFO - Marking task as SUCCESS. dag_id=pg_to_ch_dbt_incremental_dwh, task_id=load_stg_from_pg, run_id=scheduled__2025-12-15T07:00:00+00:00, execution_date=20251215T070000, start_date=20251215T072443, end_date=20251215T072444
[2025-12-15T07:24:44.253+0000] {local_task_job_runner.py:261} INFO - Task exited with return code 0
[2025-12-15T07:24:44.279+0000] {taskinstance.py:3891} INFO - 1 downstream tasks scheduled from follow-on schedule check
[2025-12-15T07:24:44.287+0000] {local_task_job_runner.py:240} INFO - ::endgroup::
[2025-12-15T07:30:42.866+0000] {local_task_job_runner.py:123} INFO - ::group::Pre task execution logs
[2025-12-15T07:30:42.871+0000] {taskinstance.py:2603} INFO - Dependencies all met for dep_context=non-requeueable deps ti=<TaskInstance: pg_to_ch_dbt_incremental_dwh.load_stg_from_pg scheduled__2025-12-15T07:00:00+00:00 [queued]>
[2025-12-15T07:30:42.873+0000] {taskinstance.py:2603} INFO - Dependencies all met for dep_context=requeueable deps ti=<TaskInstance: pg_to_ch_dbt_incremental_dwh.load_stg_from_pg scheduled__2025-12-15T07:00:00+00:00 [queued]>
[2025-12-15T07:30:42.874+0000] {taskinstance.py:2856} INFO - Starting attempt 1 of 1
[2025-12-15T07:30:42.881+0000] {taskinstance.py:2879} INFO - Executing <Task(PythonOperator): load_stg_from_pg> on 2025-12-15 07:00:00+00:00
[2025-12-15T07:30:42.882+0000] {standard_task_runner.py:72} INFO - Started process 60 to run task
[2025-12-15T07:30:42.885+0000] {standard_task_runner.py:104} INFO - Running: ['airflow', 'tasks', 'run', 'pg_to_ch_dbt_incremental_dwh', 'load_stg_from_pg', 'scheduled__2025-12-15T07:00:00+00:00', '--job-id', '2', '--raw', '--subdir', 'DAGS_FOLDER/dbt_incremental_dag.py', '--cfg-path', '/tmp/tmpnfykwi8k']
[2025-12-15T07:30:42.886+0000] {standard_task_runner.py:105} INFO - Job 2: Subtask load_stg_from_pg
[2025-12-15T07:30:42.907+0000] {task_command.py:467} INFO - Running <TaskInstance: pg_to_ch_dbt_incremental_dwh.load_stg_from_pg scheduled__2025-12-15T07:00:00+00:00 [running]> on host 03773faa8bad
[2025-12-15T07:30:42.936+0000] {taskinstance.py:3122} INFO - Exporting env vars: AIRFLOW_CTX_DAG_OWNER='airflow' AIRFLOW_CTX_DAG_ID='pg_to_ch_dbt_incremental_dwh' AIRFLOW_CTX_TASK_ID='load_stg_from_pg' AIRFLOW_CTX_EXECUTION_DATE='2025-12-15T07:00:00+00:00' AIRFLOW_CTX_TRY_NUMBER='1' AIRFLOW_CTX_DAG_RUN_ID='scheduled__2025-12-15T07:00:00+00:00'
[2025-12-15T07:30:42.936+0000] {taskinstance.py:731} INFO - ::endgroup::
[2025-12-15T07:30:43.740+0000] {python.py:240} INFO - Done. Returned value was: None
[2025-12-15T07:30:43.745+0000] {taskinstance.py:340} INFO - ::group::Post task execution logs
[2025-12-15T07:30:43.745+0000] {taskinstance.py:352} INFO - Marking task as SUCCESS. dag_id=pg_to_ch_dbt_incremental_dwh, task_id=load_stg_from_pg, run_id=scheduled__2025-12-15T07:00:00+00:00, execution_date=20251215T070000, start_date=20251215T073042, end_date=20251215T073043
[2025-12-15T07:30:43.772+0000] {local_task_job_runner.py:261} INFO - Task exited with return code 0
[2025-12-15T07:30:43.785+0000] {taskinstance.py:3891} INFO - 1 downstream tasks scheduled from follow-on schedule check
[2025-12-15T07:30:43.788+0000] {local_task_job_runner.py:240} INFO - ::endgroup::
